-------------------------------------------------------------------------------
Test set: com.example.springboot.ApplicationTests
-------------------------------------------------------------------------------
Tests run: 1, Failures: 0, Errors: 1, Skipped: 0, Time elapsed: 0.613 s <<< FAILURE! - in com.example.springboot.ApplicationTests
com.example.springboot.ApplicationTests  Time elapsed: 0.611 s  <<< ERROR!
java.lang.IllegalStateException: Found multiple @SpringBootConfiguration annotated classes [Generic bean: class [com.example.springboot.Application]; scope=; abstract=false; lazyInit=null; autowireMode=0; dependencyCheck=0; autowireCandidate=true; primary=false; factoryBeanName=null; factoryMethodName=null; initMethodName=null; destroyMethodName=null; defined in file [C:\Users\ibmcloudn06\IdeaProjects\spring-boot-mvc-demo\target\classes\com\example\springboot\Application.class], Generic bean: class [com.example.springboot.SpringBootMvcDemo1Application]; scope=; abstract=false; lazyInit=null; autowireMode=0; dependencyCheck=0; autowireCandidate=true; primary=false; factoryBeanName=null; factoryMethodName=null; initMethodName=null; destroyMethodName=null; defined in file [C:\Users\ibmcloudn06\IdeaProjects\spring-boot-mvc-demo\target\classes\com\example\springboot\SpringBootMvcDemo1Application.class]]

